0 info it worked if it ends with ok
1 verbose cli [ '/Users/joe/.nvm/versions/node/v6.2.2/bin/node',
1 verbose cli   '/Users/joe/.nvm/versions/node/v6.2.2/bin/npm',
1 verbose cli   'run',
1 verbose cli   'test:acceptance' ]
2 info using npm@3.10.8
3 info using node@v6.2.2
4 verbose run-script [ 'pretest:acceptance',
4 verbose run-script   'test:acceptance',
4 verbose run-script   'posttest:acceptance' ]
5 info lifecycle end-tenancy@0.1.0~pretest:acceptance: end-tenancy@0.1.0
6 silly lifecycle end-tenancy@0.1.0~pretest:acceptance: no script for pretest:acceptance, continuing
7 info lifecycle end-tenancy@0.1.0~test:acceptance: end-tenancy@0.1.0
8 verbose lifecycle end-tenancy@0.1.0~test:acceptance: unsafe-perm in lifecycle true
9 verbose lifecycle end-tenancy@0.1.0~test:acceptance: PATH: /Users/joe/.nvm/versions/node/v6.2.2/lib/node_modules/npm/bin/node-gyp-bin:/Users/joe/Dev/end-tenancy/node_modules/.bin:/Users/joe/.rvm/gems/ruby-2.3.0/bin:/Users/joe/.rvm/gems/ruby-2.3.0@global/bin:/Users/joe/.rvm/rubies/ruby-2.3.0/bin:/Users/joe/.nvm/versions/node/v6.2.2/bin:/usr/bin:/bin:/usr/sbin:/sbin:/usr/local/bin:/Users/joe/.rvm/bin
10 verbose lifecycle end-tenancy@0.1.0~test:acceptance: CWD: /Users/joe/Dev/end-tenancy
11 silly lifecycle end-tenancy@0.1.0~test:acceptance: Args: [ '-c', 'codeceptjs run ./node_modules/so-acceptance --steps' ]
12 silly lifecycle end-tenancy@0.1.0~test:acceptance: Returned: code: 1  signal: null
13 info lifecycle end-tenancy@0.1.0~test:acceptance: Failed to exec test:acceptance script
14 verbose stack Error: end-tenancy@0.1.0 test:acceptance: `codeceptjs run ./node_modules/so-acceptance --steps`
14 verbose stack Exit status 1
14 verbose stack     at EventEmitter.<anonymous> (/Users/joe/.nvm/versions/node/v6.2.2/lib/node_modules/npm/lib/utils/lifecycle.js:255:16)
14 verbose stack     at emitTwo (events.js:106:13)
14 verbose stack     at EventEmitter.emit (events.js:191:7)
14 verbose stack     at ChildProcess.<anonymous> (/Users/joe/.nvm/versions/node/v6.2.2/lib/node_modules/npm/lib/utils/spawn.js:40:14)
14 verbose stack     at emitTwo (events.js:106:13)
14 verbose stack     at ChildProcess.emit (events.js:191:7)
14 verbose stack     at maybeClose (internal/child_process.js:852:16)
14 verbose stack     at Process.ChildProcess._handle.onexit (internal/child_process.js:215:5)
15 verbose pkgid end-tenancy@0.1.0
16 verbose cwd /Users/joe/Dev/end-tenancy
17 error Darwin 16.1.0
18 error argv "/Users/joe/.nvm/versions/node/v6.2.2/bin/node" "/Users/joe/.nvm/versions/node/v6.2.2/bin/npm" "run" "test:acceptance"
19 error node v6.2.2
20 error npm  v3.10.8
21 error code ELIFECYCLE
22 error end-tenancy@0.1.0 test:acceptance: `codeceptjs run ./node_modules/so-acceptance --steps`
22 error Exit status 1
23 error Failed at the end-tenancy@0.1.0 test:acceptance script 'codeceptjs run ./node_modules/so-acceptance --steps'.
23 error Make sure you have the latest version of node.js and npm installed.
23 error If you do, this is most likely a problem with the end-tenancy package,
23 error not with npm itself.
23 error Tell the author that this fails on your system:
23 error     codeceptjs run ./node_modules/so-acceptance --steps
23 error You can get information on how to open an issue for this project with:
23 error     npm bugs end-tenancy
23 error Or if that isn't available, you can get their info via:
23 error     npm owner ls end-tenancy
23 error There is likely additional logging output above.
24 verbose exit [ 1, true ]
